[2017-03-06 23:43:56] INFO  WEBrick 1.3.1
[2017-03-06 23:43:56] INFO  ruby 2.2.1 (2015-02-26) [x86_64-linux]
[2017-03-06 23:43:56] INFO  WEBrick::HTTPServer#start: pid=2072 port=3000
[2017-03-06 23:45:18] ERROR RuntimeError: Missing `secret_token` and `secret_key_base` for 'development' environment, set these values in `config/secrets.yml`
	/home/dev/.rbenv/versions/2.2.1/lib/ruby/gems/2.2.0/gems/railties-4.2.6/lib/rails/application.rb:534:in `validate_secret_key_config!'
	/home/dev/.rbenv/versions/2.2.1/lib/ruby/gems/2.2.0/gems/railties-4.2.6/lib/rails/application.rb:246:in `env_config'
	/home/dev/.rbenv/versions/2.2.1/lib/ruby/gems/2.2.0/gems/railties-4.2.6/lib/rails/engine.rb:514:in `call'
	/home/dev/.rbenv/versions/2.2.1/lib/ruby/gems/2.2.0/gems/railties-4.2.6/lib/rails/application.rb:165:in `call'
	/home/dev/.rbenv/versions/2.2.1/lib/ruby/gems/2.2.0/gems/rack-1.6.5/lib/rack/lock.rb:17:in `call'
	/home/dev/.rbenv/versions/2.2.1/lib/ruby/gems/2.2.0/gems/rack-1.6.5/lib/rack/content_length.rb:15:in `call'
	/home/dev/.rbenv/versions/2.2.1/lib/ruby/gems/2.2.0/gems/rack-1.6.5/lib/rack/handler/webrick.rb:88:in `service'
	/home/dev/.rbenv/versions/2.2.1/lib/ruby/2.2.0/webrick/httpserver.rb:138:in `service'
	/home/dev/.rbenv/versions/2.2.1/lib/ruby/2.2.0/webrick/httpserver.rb:94:in `run'
	/home/dev/.rbenv/versions/2.2.1/lib/ruby/2.2.0/webrick/server.rb:294:in `block in start_thread'
[2017-03-06 23:52:33] FATAL SignalException: SIGTERM
	/home/dev/.rbenv/versions/2.2.1/lib/ruby/2.2.0/webrick/server.rb:174:in `select'
	/home/dev/.rbenv/versions/2.2.1/lib/ruby/2.2.0/webrick/server.rb:174:in `block in start'
	/home/dev/.rbenv/versions/2.2.1/lib/ruby/2.2.0/webrick/server.rb:32:in `start'
	/home/dev/.rbenv/versions/2.2.1/lib/ruby/2.2.0/webrick/server.rb:162:in `start'
	/home/dev/.rbenv/versions/2.2.1/lib/ruby/gems/2.2.0/gems/rack-1.6.5/lib/rack/handler/webrick.rb:34:in `run'
	/home/dev/.rbenv/versions/2.2.1/lib/ruby/gems/2.2.0/gems/rack-1.6.5/lib/rack/server.rb:286:in `start'
	/home/dev/.rbenv/versions/2.2.1/lib/ruby/gems/2.2.0/gems/railties-4.2.6/lib/rails/commands/server.rb:80:in `start'
	/home/dev/.rbenv/versions/2.2.1/lib/ruby/gems/2.2.0/gems/railties-4.2.6/lib/rails/commands/commands_tasks.rb:80:in `block in server'
	/home/dev/.rbenv/versions/2.2.1/lib/ruby/gems/2.2.0/gems/railties-4.2.6/lib/rails/commands/commands_tasks.rb:75:in `tap'
	/home/dev/.rbenv/versions/2.2.1/lib/ruby/gems/2.2.0/gems/railties-4.2.6/lib/rails/commands/commands_tasks.rb:75:in `server'
	/home/dev/.rbenv/versions/2.2.1/lib/ruby/gems/2.2.0/gems/railties-4.2.6/lib/rails/commands/commands_tasks.rb:39:in `run_command!'
	/home/dev/.rbenv/versions/2.2.1/lib/ruby/gems/2.2.0/gems/railties-4.2.6/lib/rails/commands.rb:17:in `<top (required)>'
	/var/www/html/dev2.infiny.in/ruby_project/Tracker_app/bin/rails:9:in `require'
	/var/www/html/dev2.infiny.in/ruby_project/Tracker_app/bin/rails:9:in `<top (required)>'
	/home/dev/.rbenv/versions/2.2.1/lib/ruby/gems/2.2.0/gems/spring-2.0.1/lib/spring/client/rails.rb:28:in `load'
	/home/dev/.rbenv/versions/2.2.1/lib/ruby/gems/2.2.0/gems/spring-2.0.1/lib/spring/client/rails.rb:28:in `call'
	/home/dev/.rbenv/versions/2.2.1/lib/ruby/gems/2.2.0/gems/spring-2.0.1/lib/spring/client/command.rb:7:in `call'
	/home/dev/.rbenv/versions/2.2.1/lib/ruby/gems/2.2.0/gems/spring-2.0.1/lib/spring/client.rb:30:in `run'
	/home/dev/.rbenv/versions/2.2.1/lib/ruby/gems/2.2.0/gems/spring-2.0.1/bin/spring:49:in `<top (required)>'
	/home/dev/.rbenv/versions/2.2.1/lib/ruby/gems/2.2.0/gems/spring-2.0.1/lib/spring/binstub.rb:31:in `load'
	/home/dev/.rbenv/versions/2.2.1/lib/ruby/gems/2.2.0/gems/spring-2.0.1/lib/spring/binstub.rb:31:in `<top (required)>'
	/home/dev/.rbenv/versions/2.2.1/lib/ruby/2.2.0/rubygems/core_ext/kernel_require.rb:69:in `require'
	/home/dev/.rbenv/versions/2.2.1/lib/ruby/2.2.0/rubygems/core_ext/kernel_require.rb:69:in `require'
	/var/www/html/dev2.infiny.in/ruby_project/Tracker_app/bin/spring:15:in `<top (required)>'
	bin/rails:3:in `load'
	bin/rails:3:in `<main>'
[2017-03-06 23:52:33] INFO  going to shutdown ...
[2017-03-06 23:52:33] INFO  WEBrick::HTTPServer#start done.
=> Booting WEBrick
=> Rails 4.2.6 application starting in development on http://0.0.0.0:3000
=> Run `rails server -h` for more startup options
=> Ctrl-C to shutdown server
DEPRECATION WARNING: You didn't set `secret_key_base`. Read the upgrade documentation to learn more about this new config option. (called from service at /home/dev/.rbenv/versions/2.2.1/lib/ruby/2.2.0/webrick/httpserver.rb:138)
Exiting
[2017-03-06 23:52:46] INFO  WEBrick 1.3.1
[2017-03-06 23:52:46] INFO  ruby 2.2.1 (2015-02-26) [x86_64-linux]
[2017-03-06 23:52:46] INFO  WEBrick::HTTPServer#start: pid=2344 port=3000
